<?xml version="1.0" encoding="UTF-8"?>
<testsuite xmlns:xsi="http://www.w3.org/2001/XMLSchema-instance" xsi:noNamespaceSchemaLocation="https://maven.apache.org/surefire/maven-surefire-plugin/xsd/surefire-test-report.xsd" name="runners.Runner" time="83.668" tests="12" errors="0" skipped="0" failures="2">
  <properties>
[...]
</properties>
  <testcase name="Validate Etsy main navigation header items" classname="Etsy Landing Page Validation" time="8.813"/>
  <testcase name="Validate Google search" classname="Google Search Functionality" time="8.51"/>
  <testcase name="Validate Google search results" classname="Google Search Functionality" time="6.693"/>
  <testcase name="Validate add/remove element page" classname="HeroApp Functionalities" time="19.117"/>
  <testcase name="Validate context menu page" classname="HeroApp Functionalities" time="4.453"/>
  <testcase name="Validate Wiki search" classname="Wiki Search Functionality" time="5.531"/>
  <testcase name="Validate Wiki search" classname="Wiki Search Functionality" time="4.92"/>
  <testcase name="Validate Wiki search" classname="Wiki Search Functionality" time="5.184">
    <failure type="java.lang.AssertionError">java.lang.AssertionError
</failure>
    <system-out><![CDATA[Scenario name = Validate Wiki search
Status = FAILED
]]></system-out>
    <system-err><![CDATA[Starting ChromeDriver 113.0.5672.63 (0e1a4471d5ae5bf128b1bd8f4d627c8cbd55f70c-refs/branch-heads/5672@{#912}) on port 19993
Only local connections are allowed.
Please see https://chromedriver.chromium.org/security-considerations for suggestions on keeping ChromeDriver safe.
ChromeDriver was started successfully.
May 31, 2023 3:15:47 P.M. org.openqa.selenium.remote.ProtocolHandshake createSession
INFO: Detected dialect: W3C
]]></system-err>
  </testcase>
  <testcase name="Validate Wiki search" classname="Wiki Search Functionality" time="5.177"/>
  <testcase name="Validate Wiki search" classname="Wiki Search Functionality" time="4.512">
    <failure type="java.lang.AssertionError">java.lang.AssertionError
</failure>
    <system-out><![CDATA[Scenario name = Validate Wiki search
Status = FAILED
]]></system-out>
    <system-err><![CDATA[Starting ChromeDriver 113.0.5672.63 (0e1a4471d5ae5bf128b1bd8f4d627c8cbd55f70c-refs/branch-heads/5672@{#912}) on port 3432
Only local connections are allowed.
Please see https://chromedriver.chromium.org/security-considerations for suggestions on keeping ChromeDriver safe.
ChromeDriver was started successfully.
May 31, 2023 3:15:58 P.M. org.openqa.selenium.remote.ProtocolHandshake createSession
INFO: Detected dialect: W3C
]]></system-err>
  </testcase>
  <testcase name="Validate Wiki search" classname="Wiki Search Functionality" time="5.736"/>
  <testcase name="Validate Wikipedia main languages" classname="Wiki Search Functionality" time="3.577"/>
</testsuite>